
ROM used:   4366/8192 (53%)
            5636/8192 (69%) including unused fragments

            2.0 Average locations per line
            5.5 Average locations per statement

RAM used:   66/368 (18%) at main() level
            107/368 (29%) worst case

Stack used: 8 worst case (7 in main + 1 for interrupts)
Stack size: 8

Lines Stmts  %   Files
----- ----- ---  -----
  135   109  14  code_do_an_1.c
   22     0   0  thu_vien_do_an_1.c
  111    34   4  define_pic_16f877a.c
  671     0   0  D:\APPS\PICC\Devices\16f877a.h
   84    29   4  thu_vien_i2c_ds1307.c
   23     8   1  thu_vien_i2c_lcd.c
  214    99  12  thu_vien_lcd_1602.c
   70    57   7  thu_vien_btn.c
  233   202  25  thu_vien_control_clock.c
   93    67   8  thu_vien_control_alarm.c
  188   101  13  thu_vien_ds18b20.c
  230    54   7  D:\APPS\PICC\Drivers\touch.c
   57    33   4  thu_vien_control_chiler.c
    7     0   0  thu_vien_uart.c
----- -----
 2138   793 Total

Page ROM  %  RAM   Vol Diff  Functions:
---- --- --- ---   --- ----  ----------
0     20   0    1             @delay_ms1
0     15   0    1             @delay_us1
0     84   2    3             @I2C_READ_1
0     92   2    1             @I2C_WRITE_1
0     20   0    1   149  3.9  interrupt_timer1
0     66   2    0   646  2.8  set_up_init
0     21   0    3             @DIV88
0     17   0    3    79  3.2  ds1307_bcdToDec
0     37   1    2             @MUL88
0    129   3    4   280  4.0  ds1307_read_time
 Inline         3   262  4.6  ds1307_update_time
0    112   3    0    80  2.4  ds1307_init
1     82   2    2   108  1.5  ds1307_save_ds
 Inline         0    27  0.9  i2c_setup_write
 Inline         1   107  0.3  i2c_write_1byte
0    199   5    1   696  3.4  lcd_init
 Inline         0    32  1.0  lcd_clear
 Inline         0    32  1.0  lcd_home
0     25   1    7   225  5.8  lcd_setCursor
 Inline         1    43  1.8  lcd_display
0     28   1    1    39  1.5  lcd_command
0     29   1    1    39  1.5  lcd_data
 Inline         5   200  4.8  lcd_send
0    263   6    1    45  1.3  write4bits
 Inline         2    38  1.7  expanderWrite
 Inline         2   114  2.6  pulseEnable
0      8   0    0             @const704
0     80   2    4             @PSTRINGC7_685
0      6   0    0             @const706
 Inline         5             @MUL1616
1     63   1   12   427  5.1  lcd_dis_2num_dot
0     37   1    5             @DIV1616
0      1   0    0             @const722
1    101   2   13   605  5.1  lcd_dis_3num_dot
0      1   0    0             @const734
1    140   3   15  1083  6.1  lcd_dis_xx_yy_zz
0      1   0    0             @const750
0      1   0    0             @const751
0      2   0    0             @const753
1     43   1    3   211  4.8  nhan_btn_giu
0     32   1    6             @WRITEBITA
0     23   1    5             @READBITA
0     60   1    2   214  3.6  nhan_btn_nha
0      3   0    0             @const771
0      3   0    0             @const772
0      3   0    0             @const773
0      3   0    0             @const774
1     51   1    7   434  9.5  tang_or_giam_bcd
 Inline         0   483  4.3  tat_bat_2led_chinh
1     51   1    6   143  2.2  giai_ma_gpg_lcd
1     51   1    6   143  2.2  giai_ma_ntn_lcd
1     25   1    2   100  2.1  giai_ma_thu_lcd
1     39   1    0   320  3.7  giai_ma_gpg_ntn_thu_lcd
1     49   1    0   104  2.9  xu_ly_choptat
 Inline         0   391  4.7  phim_chon_hthi_mode
 Inline         0   171  4.0  tang_giay
 Inline         0   171  4.0  tang_phut
 Inline         0   171  4.0  tang_gio
 Inline         0   139  3.1  chinh_tang_gpg
 Inline         0   171  4.0  tang_nam
 Inline         0   171  4.0  tang_thang
 Inline         0   171  4.0  tang_ngay
 Inline         0   139  3.1  chinh_tang_ntn
 Inline         0   133  4.3  chinh_tang_thu
 Inline         0   275  4.1  phim_up
 Inline         0   171  4.0  giam_giay
 Inline         0   171  4.0  giam_phut
 Inline         0   171  4.0  giam_gio
 Inline         0   139  3.1  chinh_giam_gpg
 Inline         0   171  4.0  giam_nam
 Inline         0   171  4.0  giam_thang
 Inline         0   171  4.0  giam_ngay
 Inline         0   139  3.1  chinh_giam_ntn
 Inline         0   133  4.3  chinh_giam_thu
 Inline         0   275  4.1  phim_dw
 Inline         1   488  5.1  log_mode
0      2   0    0             @const810
0      2   0    0             @const811
0      2   0    0             @const812
0      2   0    0             @const813
1     37   1    4             @DIVS88
0      2   0    0             @const817
1     51   1    6   108  1.7  giai_ma_gpg_alarm_lcd
 Inline         0   160  3.9  phim_chon_mode_alarm
 Inline         0    83  3.2  tang_giay_eat
 Inline         0    83  3.2  tang_phut_eat
 Inline         0    83  3.2  tang_gio_eat
 Inline         0   139  3.1  chinh_tang_gpg_eat
 Inline         0   141  2.6  phim_up_eat
 Inline         0    83  3.2  giam_giay_eat
 Inline         0    83  3.2  giam_phut_eat
 Inline         0    83  3.2  giam_gio_eat
 Inline         0   139  3.1  chinh_giam_gpg_eat
 Inline         0   141  2.6  phim_dw_eat
 Inline         1   217  3.1  log_mode_alarm
0      2   0    0             @const831
 Inline         1   450  3.3  touch_write_bit
0     88   2    3   185  5.6  touch_write_byte
0     43   1    2   260  3.2  touch_present
0      6   0    0             @const854
0     24   1    0   158  1.3  ds18b20_khoi_tao
0      6   0    0             @const866
0     38   1    1   179  2.7  ds18b20_start
 Inline         1   154  1.8  ds18b20_write_bit
0     59   1    2   110  3.7  ds18b20_write_byte
 Inline         1   176  2.3  ds18b20_read_bit
0     51   1    1   153  4.7  ds18b20_read_byte
 Inline         8   331  5.8  ds18b20_read_temp_c2
0    158   4    2   131  3.9  ds18b20_read_temp
 Inline         3  3808  9.9  select_menu
0      3   0    0             @const898
0      2   0    0             @const899
0      3   0    0             @const900
0      2   0    0             @const901
0      4   0    0             @const902
0      2   0    0             @const903
0      8   0    0             @const904
0      7   0    0             @const905
0      7   0    0             @const906
0      4   0    0             @const907
 Inline         4             @PSTRINGC7_9600_62_63
0      6   0    0   109  1.6  @const909
0      8   0    0             @const910
2   1540  35    0   109  1.6  MAIN
 Inline         0             @cinit1

Program metrics:
    Functions               81
    Statements              793
    Comments                428
    Volume (V)              41352
    Difficulty (D)          277.1
    Effort to implement (E) 11457482
    Time to implement (T)   176 hours, 49 minutes
    Est Delivered Bugs (B)  17
    Cyclomatic Complexity   131
    Maintainability (MI)    81

 Segment     Used  Free
-----------  ----  ----
00000-00003     4  0  
00004-00050    77  0  
00051-007FF  1962  5  
00800-00FFF   783  1265  
01000-017FF  1540  508  
01800-01FFF     0  2048  



