Compiling E:\STUDY\HKII-2023-2024\DO_AN_1\PROJECT\CODE_FINALL_C\main on 09-Jun-24 at 12:56
*** Error 1 "C:\Program Files (x86)\PICC\Devices\16f877a.h" Line 540(1,2): Illegal C character in input file  0x80
*** Error 1 "C:\Program Files (x86)\PICC\Devices\16f877a.h" Line 540(1,2): Illegal C character in input file  0x00
*** Error 1 "C:\Program Files (x86)\PICC\Devices\16f877a.h" Line 540(3,4): Illegal C character in input file  0x00
*** Error 1 "C:\Program Files (x86)\PICC\Devices\16f877a.h" Line 540(3,4): Illegal C character in input file  0x00
*** Error 1 "C:\Program Files (x86)\PICC\Devices\16f877a.h" Line 540(3,4): Illegal C character in input file  0xFF
*** Error 1 "C:\Program Files (x86)\PICC\Devices\16f877a.h" Line 540(3,4): Illegal C character in input file  0xFF
*** Error 1 "C:\Program Files (x86)\PICC\Devices\16f877a.h" Line 540(3,4): Illegal C character in input file  0xFF
*** Error 1 "C:\Program Files (x86)\PICC\Devices\16f877a.h" Line 540(3,4): Illegal C character in input file  0x00
*** Error 1 "C:\Program Files (x86)\PICC\Devices\16f877a.h" Line 540(3,4): Illegal C character in input file  0x07
*** Error 1 "C:\Program Files (x86)\PICC\Devices\16f877a.h" Line 540(3,4): Illegal C character in input file  0x00
*** Error 1 "C:\Program Files (x86)\PICC\Devices\16f877a.h" Line 540(3,4): Illegal C character in input file  0x00
*** Error 1 "C:\Program Files (x86)\PICC\Devices\16f877a.h" Line 540(3,4): Illegal C character in input file  0x00
*** Error 1 "C:\Program Files (x86)\PICC\Devices\16f877a.h" Line 540(3,4): Illegal C character in input file  0x00
*** Error 1 "C:\Program Files (x86)\PICC\Devices\16f877a.h" Line 540(3,4): Illegal C character in input file  0x00
*** Error 1 "C:\Program Files (x86)\PICC\Devices\16f877a.h" Line 540(3,4): Illegal C character in input file  0x00
*** Error 1 "C:\Program Files (x86)\PICC\Devices\16f877a.h" Line 540(3,4): Illegal C character in input file  0x00
*** Error 1 "C:\Program Files (x86)\PICC\Devices\16f877a.h" Line 540(3,4): Illegal C character in input file  0x06
*** Error 32 "C:\Program Files (x86)\PICC\Devices\16f877a.h" Line 540(1,2): Expecting a , or )
*** Error 1 "C:\Program Files (x86)\PICC\Devices\16f877a.h" Line 540(8,9): Illegal C character in input file  0x01
*** Error 1 "C:\Program Files (x86)\PICC\Devices\16f877a.h" Line 540(8,9): Illegal C character in input file  0x8B
*** Error 1 "C:\Program Files (x86)\PICC\Devices\16f877a.h" Line 540(11,12): Illegal C character in input file  0x9C
*** Error 48 "C:\Program Files (x86)\PICC\Devices\16f877a.h" Line 540(8,9): Expecting a (
*** Error 1 "C:\Program Files (x86)\PICC\Devices\16f877a.h" Line 540(13,14): Illegal C character in input file  0x91
*** Error 43 "C:\Program Files (x86)\PICC\Devices\16f877a.h" Line 540(13,14): Expecting a declaration
*** Error 1 "C:\Program Files (x86)\PICC\Devices\16f877a.h" Line 540(15,16): Illegal C character in input file  0xE6
*** Error 1 "C:\Program Files (x86)\PICC\Devices\16f877a.h" Line 540(15,16): Illegal C character in input file  0x40
*** Error 1 "C:\Program Files (x86)\PICC\Devices\16f877a.h" Line 540(15,16): Illegal C character in input file  0x00
*** Error 1 "C:\Program Files (x86)\PICC\Devices\16f877a.h" Line 540(15,16): Illegal C character in input file  0x00
*** Error 1 "C:\Program Files (x86)\PICC\Devices\16f877a.h" Line 540(15,16): Illegal C character in input file  0x00
*** Error 1 "C:\Program Files (x86)\PICC\Devices\16f877a.h" Line 540(15,16): Illegal C character in input file  0x00
*** Error 1 "C:\Program Files (x86)\PICC\Devices\16f877a.h" Line 540(15,16): Illegal C character in input file  0x00
*** Error 1 "C:\Program Files (x86)\PICC\Devices\16f877a.h" Line 540(15,16): Illegal C character in input file  0x00
*** Error 1 "C:\Program Files (x86)\PICC\Devices\16f877a.h" Line 540(15,16): Illegal C character in input file  0x00
*** Error 1 "C:\Program Files (x86)\PICC\Devices\16f877a.h" Line 540(15,16): Illegal C character in input file  0x00
*** Error 1 "C:\Program Files (x86)\PICC\Devices\16f877a.h" Line 540(15,16): Illegal C character in input file  0x1C
*** Error 1 "C:\Program Files (x86)\PICC\Devices\16f877a.h" Line 540(15,16): Illegal C character in input file  0x15
*** Error 1 "C:\Program Files (x86)\PICC\Devices\16f877a.h" Line 540(15,16): Illegal C character in input file  0x00
*** Error 1 "C:\Program Files (x86)\PICC\Devices\16f877a.h" Line 540(15,16): Illegal C character in input file  0x00
*** Error 1 "C:\Program Files (x86)\PICC\Devices\16f877a.h" Line 540(15,16): Illegal C character in input file  0xB0
*** Error 1 "C:\Program Files (x86)\PICC\Devices\16f877a.h" Line 540(15,16): Illegal C character in input file  0xD7
*** Error 1 "C:\Program Files (x86)\PICC\Devices\16f877a.h" Line 540(15,16): Illegal C character in input file  0x01
*** Error 1 "C:\Program Files (x86)\PICC\Devices\16f877a.h" Line 540(15,16): Illegal C character in input file  0x00
*** Error 1 "C:\Program Files (x86)\PICC\Devices\16f877a.h" Line 540(15,16): Illegal C character in input file  0x80
*** Error 1 "C:\Program Files (x86)\PICC\Devices\16f877a.h" Line 540(15,16): Illegal C character in input file  0x00
*** Error 1 "C:\Program Files (x86)\PICC\Devices\16f877a.h" Line 540(15,16): Illegal C character in input file  0x00
*** Error 1 "C:\Program Files (x86)\PICC\Devices\16f877a.h" Line 540(15,16): Illegal C character in input file  0x00
*** Error 1 "C:\Program Files (x86)\PICC\Devices\16f877a.h" Line 540(15,16): Illegal C character in input file  0x00
*** Error 1 "C:\Program Files (x86)\PICC\Devices\16f877a.h" Line 540(15,16): Illegal C character in input file  0x00
*** Error 1 "C:\Program Files (x86)\PICC\Devices\16f877a.h" Line 540(15,16): Illegal C character in input file  0x00
*** Error 1 "C:\Program Files (x86)\PICC\Devices\16f877a.h" Line 540(15,16): Illegal C character in input file  0x00
*** Error 1 "C:\Program Files (x86)\PICC\Devices\16f877a.h" Line 540(15,16): Illegal C character in input file  0x00
*** Error 1 "C:\Program Files (x86)\PICC\Devices\16f877a.h" Line 540(15,16): Illegal C character in input file  0x00
*** Error 1 "C:\Program Files (x86)\PICC\Devices\16f877a.h" Line 540(15,16): Illegal C character in input file  0x00
*** Error 1 "C:\Program Files (x86)\PICC\Devices\16f877a.h" Line 540(15,16): Illegal C character in input file  0x00
*** Error 1 "C:\Program Files (x86)\PICC\Devices\16f877a.h" Line 540(15,16): Illegal C character in input file  0xDC
*** Error 1 "C:\Program Files (x86)\PICC\Devices\16f877a.h" Line 540(15,16): Illegal C character in input file  0xE7
*** Error 1 "C:\Program Files (x86)\PICC\Devices\16f877a.h" Line 540(22,23): Illegal C character in input file  0x04
*** Error 1 "C:\Program Files (x86)\PICC\Devices\16f877a.h" Line 540(22,23): Illegal C character in input file  0x40
*** Error 48 "C:\Program Files (x86)\PICC\Devices\16f877a.h" Line 540(15,16): Expecting a (
*** Error 1 "C:\Program Files (x86)\PICC\Devices\16f877a.h" Line 540(25,26): Illegal C character in input file  0x04
*** Error 1 "C:\Program Files (x86)\PICC\Devices\16f877a.h" Line 540(25,26): Illegal C character in input file  0xD0
*** Error 43 "C:\Program Files (x86)\PICC\Devices\16f877a.h" Line 540(25,26): Expecting a declaration
*** Error 1 "C:\Program Files (x86)\PICC\Devices\16f877a.h" Line 540(28,29): Illegal C character in input file  0x04
*** Error 1 "C:\Program Files (x86)\PICC\Devices\16f877a.h" Line 540(28,29): Illegal C character in input file  0x00
*** Error 1 "C:\Program Files (x86)\PICC\Devices\16f877a.h" Line 540(28,29): Illegal C character in input file  0x00
*** Error 1 "C:\Program Files (x86)\PICC\Devices\16f877a.h" Line 540(28,29): Illegal C character in input file  0x00
*** Error 1 "C:\Program Files (x86)\PICC\Devices\16f877a.h" Line 540(28,29): Illegal C character in input file  0x00
*** Error 1 "C:\Program Files (x86)\PICC\Devices\16f877a.h" Line 540(28,29): Illegal C character in input file  0x90
*** Error 43 "C:\Program Files (x86)\PICC\Devices\16f877a.h" Line 540(28,29): Expecting a declaration
*** Error 43 "C:\Program Files (x86)\PICC\Devices\16f877a.h" Line 540(31,32): Expecting a declaration
*** Error 1 "C:\Program Files (x86)\PICC\Devices\16f877a.h" Line 540(31,32): Illegal C character in input file  0x04
*** Error 1 "C:\Program Files (x86)\PICC\Devices\16f877a.h" Line 540(31,32): Illegal C character in input file  0x00
*** Error 1 "C:\Program Files (x86)\PICC\Devices\16f877a.h" Line 540(31,32): Illegal C character in input file  0x00
*** Error 1 "C:\Program Files (x86)\PICC\Devices\16f877a.h" Line 540(31,32): Illegal C character in input file  0x00
*** Error 1 "C:\Program Files (x86)\PICC\Devices\16f877a.h" Line 540(31,32): Illegal C character in input file  0x00
*** Error 1 "C:\Program Files (x86)\PICC\Devices\16f877a.h" Line 540(31,32): Illegal C character in input file  0x00
*** Error 1 "C:\Program Files (x86)\PICC\Devices\16f877a.h" Line 540(31,32): Illegal C character in input file  0x00
*** Error 1 "C:\Program Files (x86)\PICC\Devices\16f877a.h" Line 540(31,32): Illegal C character in input file  0x00
*** Error 1 "C:\Program Files (x86)\PICC\Devices\16f877a.h" Line 540(31,32): Illegal C character in input file  0x00
*** Error 1 "C:\Program Files (x86)\PICC\Devices\16f877a.h" Line 540(31,32): Illegal C character in input file  0x00
*** Error 1 "C:\Program Files (x86)\PICC\Devices\16f877a.h" Line 540(31,32): Illegal C character in input file  0x00
*** Error 1 "C:\Program Files (x86)\PICC\Devices\16f877a.h" Line 540(31,32): Illegal C character in input file  0x00
*** Error 1 "C:\Program Files (x86)\PICC\Devices\16f877a.h" Line 540(31,32): Illegal C character in input file  0x00
*** Error 1 "C:\Program Files (x86)\PICC\Devices\16f877a.h" Line 540(31,32): Illegal C character in input file  0x00
*** Error 1 "C:\Program Files (x86)\PICC\Devices\16f877a.h" Line 540(31,32): Illegal C character in input file  0x00
*** Error 1 "C:\Program Files (x86)\PICC\Devices\16f877a.h" Line 540(31,32): Illegal C character in input file  0x00
*** Error 1 "C:\Program Files (x86)\PICC\Devices\16f877a.h" Line 540(31,32): Illegal C character in input file  0x00
*** Error 1 "C:\Program Files (x86)\PICC\Devices\16f877a.h" Line 540(31,32): Illegal C character in input file  0x00
*** Error 1 "C:\Program Files (x86)\PICC\Devices\16f877a.h" Line 540(31,32): Illegal C character in input file  0x00
*** Error 1 "C:\Program Files (x86)\PICC\Devices\16f877a.h" Line 540(31,32): Illegal C character in input file  0x00
*** Error 1 "C:\Program Files (x86)\PICC\Devices\16f877a.h" Line 540(31,32): Illegal C character in input file  0x00
*** Error 1 "C:\Program Files (x86)\PICC\Devices\16f877a.h" Line 540(31,32): Illegal C character in input file  0x00
*** Error 1 "C:\Program Files (x86)\PICC\Devices\16f877a.h" Line 540(31,32): Illegal C character in input file  0x00
*** Error 1 "C:\Program Files (x86)\PICC\Devices\16f877a.h" Line 540(31,32): Illegal C character in input file  0x00
*** Error 1 "C:\Program Files (x86)\PICC\Devices\16f877a.h" Line 540(31,32): Illegal C character in input file  0x00
*** Error 1 "C:\Program Files (x86)\PICC\Devices\16f877a.h" Line 540(31,32): Illegal C character in input file  0x00
*** Error 1 "C:\Program Files (x86)\PICC\Devices\16f877a.h" Line 540(31,32): Illegal C character in input file  0x00
*** Error 1 "C:\Program Files (x86)\PICC\Devices\16f877a.h" Line 540(31,32): Illegal C character in input file  0x00
*** Error 1 "C:\Program Files (x86)\PICC\Devices\16f877a.h" Line 540(31,32): Illegal C character in input file  0x00
*** Error 1 "C:\Program Files (x86)\PICC\Devices\16f877a.h" Line 540(31,32): Illegal C character in input file  0x00
*** Error 1 "C:\Program Files (x86)\PICC\Devices\16f877a.h" Line 540(31,32): Illegal C character in input file  0x00
