
ROM used:   1043/8192 (13%)
            1043/8192 (13%) including unused fragments

            0.6 Average locations per line
            4.4 Average locations per statement

RAM used:   72/368 (20%) at main() level
            93/368 (25%) worst case

Stack used: 7 worst case (6 in main + 1 for interrupts)
Stack size: 8

Lines Stmts  %   Files
----- ----- ---  -----
   52    29  12  main.c
   22     0   0  library_project.c
   66     5   2  define_pic16f.c
  708     0   0  C:\Program Files (x86)\PICC\Devices\16f877a.h
   32    13   6  library_uart.c
  435   129  55  C:\Program Files (x86)\PICC\Drivers\string.h
   32     0   0  C:\Program Files (x86)\PICC\Drivers\stddef.h
   28     0   0  C:\Program Files (x86)\PICC\Drivers\ctype.h
   28     8   3  library_i2c.c
  222    51  22  library_lcd_i2c.c
----- -----
 1625   235 Total

Page ROM  %  RAM    Vol Diff  Functions:
---- --- --- ---    --- ----  ----------
0     20   2    1             @delay_ms1
0     16   2    1             @I2C_WRITEU_129
0     70   7   10    318  6.5  strncpy
0     81   8    6    343  8.6  strncmp
0     42   4    4    357  3.4  read_uart
0     15   1    0     90  1.1  setup_initialize
 Inline         0     27  0.9  i2c_setup_write
 Inline         1    107  0.3  i2c_write_1byte
0     77   7    1    696  3.4  lcd_setup
0      7   1    0     32  1.0  lcd_clear
 Inline         0     32  1.0  lcd_home
0     25   2    7    225  5.8  lcd_setCursor
 Inline         1     43  1.8  lcd_display
0      5   0    1     39  1.5  lcd_command
0      6   1    1     39  1.5  lcd_data
0     21   2    5    200  4.8  lcd_send
0     23   2    1     45  1.3  write4bits
0     22   2    2     38  1.7  expanderWrite
 Inline         2    114  2.6  pulseEnable
0     34   3    1    125  1.6  log_lcd_initialize
0      8   1    0    114  2.6  @const845
0     86   8    4    125  1.6  @PSTRINGC7_828
0      6   1    0     45  1.3  @const850
0    179  17    3    867  6.7  MAIN
0      3   0    0    681  6.1  @const856
0     90   9    4    681  6.1  @PSTRINGC7_9600_62_63
0      3   0    0    480  5.1  @const858
0      7   1    0    262  4.6  @const859
0     91   9    5     80  2.4  @PSTRINGCN7_9600_62_63
0     25   2    2    115  1.2  @PSTRINGR_9600_62_63
 Inline         0    312  4.9  @cinit1

Program metrics:
    Functions               29
    Statements              235
    Comments                452
    Volume (V)              12161
    Difficulty (D)          87.0
    Effort to implement (E) 1058096
    Time to implement (T)   16 hours, 20 minutes
    Est Delivered Bugs (B)  3
    Cyclomatic Complexity   24
    Maintainability (MI)    97

 Segment     Used  Free
-----------  ----  ----
00000-00003     4  0  
00004-00050    77  0  
00051-007FF   962  1005  
00800-00FFF     0  2048  
01000-017FF     0  2048  
01800-01FFF     0  2048  



